  [1m[36m (38.3ms)[0m  [1mCREATE TABLE "schema_migrations" ("version" character varying NOT NULL) [0m
  [1m[35m (2.0ms)[0m  CREATE UNIQUE INDEX  "unique_schema_migrations" ON "schema_migrations"  ("version")
  [1m[36mActiveRecord::SchemaMigration Load (0.4ms)[0m  [1mSELECT "schema_migrations".* FROM "schema_migrations"[0m


Started GET "/" for ::1 at 2016-03-16 15:21:12 +0800
Processing by Rails::WelcomeController#index as HTML
  Rendered /Users/haiwen/.rvm/gems/ruby-2.2.1/gems/railties-4.2.5.1/lib/rails/templates/rails/welcome/index.html.erb (3.4ms)
Completed 200 OK in 24ms (Views: 24.2ms | ActiveRecord: 0.0ms)


Started GET "/rails/info/properties" for ::1 at 2016-03-16 15:21:15 +0800
Processing by Rails::InfoController#properties as */*
  [1m[36mActiveRecord::SchemaMigration Load (0.4ms)[0m  [1mSELECT "schema_migrations".* FROM "schema_migrations"[0m
  Rendered /Users/haiwen/.rvm/gems/ruby-2.2.1/gems/railties-4.2.5.1/lib/rails/templates/rails/info/properties.html.erb (0.4ms)
Completed 200 OK in 79ms (Views: 27.3ms | ActiveRecord: 2.7ms)


Started GET "/" for ::1 at 2016-03-16 15:26:58 +0800
Processing by DashboardController#index as HTML
  Rendered dashboard/index.html.erb within layouts/application (1.8ms)
Completed 200 OK in 1219ms (Views: 1218.4ms | ActiveRecord: 0.0ms)


Started GET "/assets/dashboard.self-e3b0c44298fc1c149afbf4c8996fb92427ae41e4649b934ca495991b7852b855.css?body=1" for ::1 at 2016-03-16 15:27:00 +0800


Started GET "/assets/application.self-e80e8f2318043e8af94dddc2adad5a4f09739a8ebb323b3ab31cd71d45fd9113.css?body=1" for ::1 at 2016-03-16 15:27:00 +0800


Started GET "/assets/jquery.self-c64a74367bda6ef8b860f19e74df08927ca99d2be2ac934e9e92d5fd361e0da4.js?body=1" for ::1 at 2016-03-16 15:27:00 +0800


Started GET "/assets/jquery_ujs.self-d602bdfe68ffc63b9f9cc512872aa3cfff046228a0a36e90dd476e8ef54c1b09.js?body=1" for ::1 at 2016-03-16 15:27:00 +0800


Started GET "/assets/dashboard.self-877aef30ae1b040ab8a3aba4e3e309a11d7f2612f44dde450b5c157aa5f95c05.js?body=1" for ::1 at 2016-03-16 15:27:00 +0800


Started GET "/assets/application.self-377610cd7c1509e934744c810e3b4cf672dfbcacac3274e7d039827e2ae0fcc7.js?body=1" for ::1 at 2016-03-16 15:27:00 +0800
